Determining if the pthread_create exist failed with the following output:
Change Dir: /home/pat5/catkin_ws/src/SSL_PlanarArray/ROS/SSM_LinearArray/build/CMakeFiles/CMakeTmp

Run Build Command:"/usr/bin/make" "cmTC_6e1ce/fast"
/usr/bin/make -f CMakeFiles/cmTC_6e1ce.dir/build.make CMakeFiles/cmTC_6e1ce.dir/build
make[1]: Entering directory `/home/pat5/catkin_ws/src/SSL_PlanarArray/ROS/SSM_LinearArray/build/CMakeFiles/CMakeTmp'
Building C object CMakeFiles/cmTC_6e1ce.dir/CheckSymbolExists.c.o
/usr/bin/cc    -o CMakeFiles/cmTC_6e1ce.dir/CheckSymbolExists.c.o   -c /home/pat5/catkin_ws/src/SSL_PlanarArray/ROS/SSM_LinearArray/build/CMakeFiles/CMakeTmp/CheckSymbolExists.c
Linking C executable cmTC_6e1ce
/usr/local/bin/cmake -E cmake_link_script CMakeFiles/cmTC_6e1ce.dir/link.txt --verbose=1
/usr/bin/cc      -rdynamic CMakeFiles/cmTC_6e1ce.dir/CheckSymbolExists.c.o  -o cmTC_6e1ce 
CMakeFiles/cmTC_6e1ce.dir/CheckSymbolExists.c.o: In function `main':
CheckSymbolExists.c:(.text+0x16): undefined reference to `pthread_create'
collect2: error: ld returned 1 exit status
make[1]: *** [cmTC_6e1ce] Error 1
make[1]: Leaving directory `/home/pat5/catkin_ws/src/SSL_PlanarArray/ROS/SSM_LinearArray/build/CMakeFiles/CMakeTmp'
make: *** [cmTC_6e1ce/fast] Error 2

File /home/pat5/catkin_ws/src/SSL_PlanarArray/ROS/SSM_LinearArray/build/CMakeFiles/CMakeTmp/CheckSymbolExists.c:
/* */
#include <pthread.h>

int main(int argc, char** argv)
{
  (void)argv;
#ifndef pthread_create
  return ((int*)(&pthread_create))[argc];
#else
  (void)argc;
  return 0;
#endif
}

Determining if the function pthread_create exists in the pthreads failed with the following output:
Change Dir: /home/pat5/catkin_ws/src/SSL_PlanarArray/ROS/SSM_LinearArray/build/CMakeFiles/CMakeTmp

Run Build Command:"/usr/bin/make" "cmTC_05de6/fast"
/usr/bin/make -f CMakeFiles/cmTC_05de6.dir/build.make CMakeFiles/cmTC_05de6.dir/build
make[1]: Entering directory `/home/pat5/catkin_ws/src/SSL_PlanarArray/ROS/SSM_LinearArray/build/CMakeFiles/CMakeTmp'
Building C object CMakeFiles/cmTC_05de6.dir/CheckFunctionExists.c.o
/usr/bin/cc   -DCHECK_FUNCTION_EXISTS=pthread_create   -o CMakeFiles/cmTC_05de6.dir/CheckFunctionExists.c.o   -c /usr/local/share/cmake-3.9/Modules/CheckFunctionExists.c
Linking C executable cmTC_05de6
/usr/local/bin/cmake -E cmake_link_script CMakeFiles/cmTC_05de6.dir/link.txt --verbose=1
/usr/bin/cc  -DCHECK_FUNCTION_EXISTS=pthread_create    -rdynamic CMakeFiles/cmTC_05de6.dir/CheckFunctionExists.c.o  -o cmTC_05de6 -lpthreads 
/usr/bin/ld: cannot find -lpthreads
collect2: error: ld returned 1 exit status
make[1]: *** [cmTC_05de6] Error 1
make[1]: Leaving directory `/home/pat5/catkin_ws/src/SSL_PlanarArray/ROS/SSM_LinearArray/build/CMakeFiles/CMakeTmp'
make: *** [cmTC_05de6/fast] Error 2


